<?xml version="1.0" encoding="UTF-8"?>
<testng-results ignored="0" total="1" passed="1" failed="0" skipped="0">
  <reporter-output>
  </reporter-output>
  <suite started-at="2022-10-10T20:39:33 IDT" name="BookinKh  Suite" finished-at="2022-10-10T20:39:33 IDT" duration-ms="436">
    <groups>
    </groups>
    <test started-at="2022-10-10T20:39:33 IDT" name=" test1 BookingKh site" finished-at="2022-10-10T20:39:33 IDT" duration-ms="436">
      <class name="Core.TestKh">
        <test-method signature="beforeSuite()[pri:0, instance:Core.TestKh@231f98ef]" started-at="2022-10-10T20:39:33 IDT" name="beforeSuite" finished-at="2022-10-10T20:39:33 IDT" duration-ms="178" status="PASS">
          <reporter-output>
          </reporter-output>
        </test-method> <!-- beforeSuite -->
      </class> <!-- Core.TestKh -->
    </test> <!--  test1 BookingKh site -->
  </suite> <!-- BookinKh  Suite -->
</testng-results>
