<?xml version="1.0" encoding="UTF-8"?>
<testng-results ignored="0" total="1" passed="1" failed="0" skipped="0">
  <reporter-output>
  </reporter-output>
  <suite started-at="2022-10-05T18:19:59 AST" name="Booking  Suite" finished-at="2022-10-05T18:20:04 AST" duration-ms="4821">
    <groups>
    </groups>
    <test started-at="2022-10-05T18:19:59 AST" name=" test Booking site" finished-at="2022-10-05T18:20:04 AST" duration-ms="4821">
      <class name="Core.Test11">
        <test-method is-config="true" signature="beforeTest(java.lang.String)[pri:0, instance:Core.Test11@433defed]" started-at="2022-10-05T18:19:59 AST" name="beforeTest" finished-at="2022-10-05T18:20:04 AST" duration-ms="4692" status="PASS">
          <params>
            <param index="0">
              <value>
                <![CDATA[chrome]]>
              </value>
            </param>
          </params>
          <reporter-output>
          </reporter-output>
        </test-method> <!-- beforeTest -->
        <test-method signature="addNewBoard()[pri:0, instance:Core.Test11@433defed]" started-at="2022-10-05T18:20:04 AST" name="addNewBoard" finished-at="2022-10-05T18:20:04 AST" duration-ms="29" status="PASS">
          <reporter-output>
          </reporter-output>
        </test-method> <!-- addNewBoard -->
      </class> <!-- Core.Test11 -->
    </test> <!--  test Booking site -->
  </suite> <!-- Booking  Suite -->
</testng-results>
