<?xml version="1.0" encoding="UTF-8"?>
<testng-results ignored="0" total="1" passed="1" failed="0" skipped="0">
  <reporter-output>
  </reporter-output>
  <suite started-at="2022-10-10T20:50:20 IDT" name="BookinKh  Suite" finished-at="2022-10-10T20:50:20 IDT" duration-ms="158">
    <groups>
    </groups>
    <test started-at="2022-10-10T20:50:20 IDT" name=" test1 BookingKh site" finished-at="2022-10-10T20:50:20 IDT" duration-ms="158">
      <class name="Core.TestKh">
        <test-method signature="beforeSuite()[pri:0, instance:Core.TestKh@71def8f8]" started-at="2022-10-10T20:50:20 IDT" name="beforeSuite" finished-at="2022-10-10T20:50:20 IDT" duration-ms="65" status="PASS">
          <reporter-output>
          </reporter-output>
        </test-method> <!-- beforeSuite -->
      </class> <!-- Core.TestKh -->
    </test> <!--  test1 BookingKh site -->
  </suite> <!-- BookinKh  Suite -->
</testng-results>
