<?xml version="1.0" encoding="UTF-8"?>
<!-- Generated by org.testng.reporters.JUnitXMLReporter -->
<testsuite ignored="17" hostname="LAPTOP-I43PEHL8" failures="0" tests="3" name="Regression" time="151.248" errors="0" timestamp="2022-11-11T03:44:18 IST">
  <testcase classname="com.onlinestore.testcases.ShoppingCartPageTest" name="verifyTotalPrice" time="33.028"/>
  <testcase classname="com.onlinestore.testcases.AddToCartPageTest" name="addToCartTest" time="22.476"/>
  <testcase classname="com.onlinestore.testcases.EndToEndTest" name="endToEndTest" time="71.905"/>
  <testcase classname="com.onlinestore.testcases.IndexPageTest" name="verifyTitle" time="0.0">
    <ignored/>
  </testcase> <!-- verifyTitle -->
  <testcase classname="com.onlinestore.testcases.AccountCreationPageTest" name="createAnAccountTest" time="0.0">
    <ignored/>
  </testcase> <!-- createAnAccountTest -->
  <testcase classname="com.onlinestore.testcases.SearchResultPageTest" name="productAvailabilityTest" time="0.0">
    <ignored/>
  </testcase> <!-- productAvailabilityTest -->
  <testcase classname="com.onlinestore.testcases.LoginPageTest" name="loginTest" time="0.0">
    <ignored/>
  </testcase> <!-- loginTest -->
  <testcase classname="com.onlinestore.testcases.HomePageTest" name="verifyUserLoggedIn" time="0.0">
    <ignored/>
  </testcase> <!-- verifyUserLoggedIn -->
  <testcase classname="com.onlinestore.base.BaseClass" name="@BeforeSuite BeforeSuite" time="0.0">
    <ignored/>
  </testcase> <!-- @BeforeSuite BeforeSuite -->
  <testcase classname="com.onlinestore.base.BaseClass" name="@BeforeSuite BeforeSuite" time="0.0">
    <ignored/>
  </testcase> <!-- @BeforeSuite BeforeSuite -->
  <testcase classname="com.onlinestore.base.BaseClass" name="@BeforeSuite BeforeSuite" time="0.0">
    <ignored/>
  </testcase> <!-- @BeforeSuite BeforeSuite -->
  <testcase classname="com.onlinestore.base.BaseClass" name="@BeforeSuite BeforeSuite" time="0.0">
    <ignored/>
  </testcase> <!-- @BeforeSuite BeforeSuite -->
  <testcase classname="com.onlinestore.base.BaseClass" name="@BeforeSuite BeforeSuite" time="0.0">
    <ignored/>
  </testcase> <!-- @BeforeSuite BeforeSuite -->
  <testcase classname="com.onlinestore.base.BaseClass" name="@BeforeSuite BeforeSuite" time="0.0">
    <ignored/>
  </testcase> <!-- @BeforeSuite BeforeSuite -->
  <testcase classname="com.onlinestore.base.BaseClass" name="@BeforeSuite BeforeSuite" time="0.0">
    <ignored/>
  </testcase> <!-- @BeforeSuite BeforeSuite -->
  <testcase classname="com.onlinestore.base.BaseClass" name="@BeforeSuite BeforeSuite" time="0.0">
    <ignored/>
  </testcase> <!-- @BeforeSuite BeforeSuite -->
  <testcase classname="com.onlinestore.base.BaseClass" name="@BeforeSuite BeforeSuite" time="0.0">
    <ignored/>
  </testcase> <!-- @BeforeSuite BeforeSuite -->
  <testcase classname="com.onlinestore.testcases.ShippingAddressPageTest" name="verifyShippingAddressPage" time="0.0">
    <ignored/>
  </testcase> <!-- verifyShippingAddressPage -->
  <testcase classname="com.onlinestore.testcases.PaymentPageTest" name="verifyPaymentPage" time="0.0">
    <ignored/>
  </testcase> <!-- verifyPaymentPage -->
  <testcase classname="com.onlinestore.testcases.IndexPageTest" name="verifyLogo" time="0.0">
    <ignored/>
  </testcase> <!-- verifyLogo -->
</testsuite> <!-- Regression -->
