<?xml version="1.0" encoding="UTF-8"?>
<!-- Generated by org.testng.reporters.JUnitXMLReporter -->
<testsuite ignored="0" hostname="LAPTOP-I43PEHL8" failures="0" tests="2" name="Search Product Test" time="43.393" errors="0" timestamp="2022-11-11T03:23:42 IST">
  <testcase classname="com.onlinestore.testcases.SearchResultPageTest" name="productAvailabilityTest" time="15.248"/>
  <testcase classname="com.onlinestore.testcases.SearchResultPageTest" name="productAvailabilityTest" time="14.398"/>
</testsuite> <!-- Search Product Test -->
