<?xml version="1.0" encoding="UTF-8"?>
<!-- Generated by org.testng.reporters.JUnitXMLReporter -->
<testsuite ignored="15" hostname="LAPTOP-I43PEHL8" failures="0" tests="6" name="Smoke" time="72.657" errors="0" timestamp="2022-11-11T03:25:21 IST">
  <testcase classname="com.onlinestore.testcases.HomePageTest" name="verifyUserLoggedIn" time="5.448"/>
  <testcase classname="com.onlinestore.testcases.SearchResultPageTest" name="productAvailabilityTest" time="14.37"/>
  <testcase classname="com.onlinestore.testcases.SearchResultPageTest" name="productAvailabilityTest" time="14.317"/>
  <testcase classname="com.onlinestore.testcases.LoginPageTest" name="loginTest" time="5.27"/>
  <testcase classname="com.onlinestore.testcases.IndexPageTest" name="verifyLogo" time="0.062"/>
  <testcase classname="com.onlinestore.testcases.IndexPageTest" name="verifyTitle" time="0.012"/>
  <testcase classname="com.onlinestore.testcases.AccountCreationPageTest" name="createAnAccountTest" time="0.0">
    <ignored/>
  </testcase> <!-- createAnAccountTest -->
  <testcase classname="com.onlinestore.testcases.EndToEndTest" name="endToEndTest" time="0.0">
    <ignored/>
  </testcase> <!-- endToEndTest -->
  <testcase classname="com.onlinestore.base.BaseClass" name="@BeforeSuite BeforeSuite" time="0.0">
    <ignored/>
  </testcase> <!-- @BeforeSuite BeforeSuite -->
  <testcase classname="com.onlinestore.base.BaseClass" name="@BeforeSuite BeforeSuite" time="0.0">
    <ignored/>
  </testcase> <!-- @BeforeSuite BeforeSuite -->
  <testcase classname="com.onlinestore.base.BaseClass" name="@BeforeSuite BeforeSuite" time="0.0">
    <ignored/>
  </testcase> <!-- @BeforeSuite BeforeSuite -->
  <testcase classname="com.onlinestore.base.BaseClass" name="@BeforeSuite BeforeSuite" time="0.0">
    <ignored/>
  </testcase> <!-- @BeforeSuite BeforeSuite -->
  <testcase classname="com.onlinestore.base.BaseClass" name="@BeforeSuite BeforeSuite" time="0.0">
    <ignored/>
  </testcase> <!-- @BeforeSuite BeforeSuite -->
  <testcase classname="com.onlinestore.base.BaseClass" name="@BeforeSuite BeforeSuite" time="0.0">
    <ignored/>
  </testcase> <!-- @BeforeSuite BeforeSuite -->
  <testcase classname="com.onlinestore.base.BaseClass" name="@BeforeSuite BeforeSuite" time="0.0">
    <ignored/>
  </testcase> <!-- @BeforeSuite BeforeSuite -->
  <testcase classname="com.onlinestore.base.BaseClass" name="@BeforeSuite BeforeSuite" time="0.0">
    <ignored/>
  </testcase> <!-- @BeforeSuite BeforeSuite -->
  <testcase classname="com.onlinestore.base.BaseClass" name="@BeforeSuite BeforeSuite" time="0.0">
    <ignored/>
  </testcase> <!-- @BeforeSuite BeforeSuite -->
  <testcase classname="com.onlinestore.testcases.ShippingAddressPageTest" name="verifyShippingAddressPage" time="0.0">
    <ignored/>
  </testcase> <!-- verifyShippingAddressPage -->
  <testcase classname="com.onlinestore.testcases.PaymentPageTest" name="verifyPaymentPage" time="0.0">
    <ignored/>
  </testcase> <!-- verifyPaymentPage -->
  <testcase classname="com.onlinestore.testcases.AddToCartPageTest" name="addToCartTest" time="0.0">
    <ignored/>
  </testcase> <!-- addToCartTest -->
  <testcase classname="com.onlinestore.testcases.ShoppingCartPageTest" name="verifyTotalPrice" time="0.0">
    <ignored/>
  </testcase> <!-- verifyTotalPrice -->
</testsuite> <!-- Smoke -->
