<?xml version="1.0" encoding="UTF-8"?>
<testng-results ignored="0" total="1" passed="1" failed="0" skipped="0">
  <reporter-output>
  </reporter-output>
  <suite started-at="2022-10-05T21:52:16 AST" name="BookinKh  Suite" finished-at="2022-10-05T21:52:16 AST" duration-ms="160">
    <groups>
    </groups>
    <test started-at="2022-10-05T21:52:16 AST" name=" test1 BookingKh site" finished-at="2022-10-05T21:52:16 AST" duration-ms="160">
      <class name="Core.Testkh">
        <test-method is-config="true" signature="beforeTest()[pri:0, instance:Core.Testkh@4082ba93]" started-at="2022-10-05T21:52:09 AST" name="beforeTest" finished-at="2022-10-05T21:52:16 AST" duration-ms="6504" status="PASS">
          <reporter-output>
          </reporter-output>
        </test-method> <!-- beforeTest -->
        <test-method signature="testMethod()[pri:0, instance:Core.Testkh@4082ba93]" started-at="2022-10-05T21:52:16 AST" name="testMethod" finished-at="2022-10-05T21:52:16 AST" duration-ms="48" status="PASS">
          <reporter-output>
          </reporter-output>
        </test-method> <!-- testMethod -->
      </class> <!-- Core.Testkh -->
    </test> <!--  test1 BookingKh site -->
  </suite> <!-- BookinKh  Suite -->
</testng-results>
