<?xml version="1.0" encoding="UTF-8"?>
<!-- Generated by org.testng.reporters.JUnitXMLReporter -->
<testsuite ignored="0" hostname="LAPTOP-I43PEHL8" failures="0" tests="3" name=" hotels test" time="219.742" errors="0" timestamp="2022-10-13T22:30:24 IDT">
  <testcase classname="Core.TestHotelsReservation" name="testCsvDataString" time="61.725"/>
  <testcase classname="Core.TestHotelsReservation" name="testCsvDataString" time="61.222"/>
  <testcase classname="Core.TestHotelsReservation" name="testCsvDataString" time="61.83"/>
</testsuite> <!--  hotels test -->
