<?xml version="1.0" encoding="UTF-8"?>
<!-- Generated by org.testng.reporters.JUnitXMLReporter -->
<testsuite ignored="0" hostname="LAPTOP-I43PEHL8" failures="0" tests="3" name=" hotels test" time="160.001" errors="0" timestamp="2022-10-13T20:36:20 IDT">
  <testcase classname="Core.TestHotelsReservation" name="testCsvDataString" time="42.631"/>
  <testcase classname="Core.TestHotelsReservation" name="testCsvDataString" time="40.716"/>
  <testcase classname="Core.TestHotelsReservation" name="testCsvDataString" time="41.119"/>
</testsuite> <!--  hotels test -->
