<?xml version="1.0" encoding="UTF-8"?>
<testng-results ignored="0" total="1" passed="1" failed="0" skipped="0">
  <reporter-output>
  </reporter-output>
  <suite started-at="2022-10-10T13:29:00 AST" name="BookinKh  Suite" finished-at="2022-10-10T13:29:00 AST" duration-ms="196">
    <groups>
    </groups>
    <test started-at="2022-10-10T13:29:00 AST" name=" test1 BookingKh site" finished-at="2022-10-10T13:29:00 AST" duration-ms="196">
      <class name="Core.Testkh">
        <test-method is-config="true" signature="beforeSuite()[pri:0, instance:Core.Testkh@7c37508a]" started-at="2022-10-10T13:28:47 AST" name="beforeSuite" finished-at="2022-10-10T13:29:00 AST" duration-ms="13089" status="PASS">
          <reporter-output>
          </reporter-output>
        </test-method> <!-- beforeSuite -->
        <test-method signature="testMethod()[pri:0, instance:Core.Testkh@7c37508a]" started-at="2022-10-10T13:29:00 AST" name="testMethod" finished-at="2022-10-10T13:29:00 AST" duration-ms="40" status="PASS">
          <reporter-output>
          </reporter-output>
        </test-method> <!-- testMethod -->
      </class> <!-- Core.Testkh -->
    </test> <!--  test1 BookingKh site -->
  </suite> <!-- BookinKh  Suite -->
</testng-results>
