<?xml version="1.0" encoding="UTF-8"?>
<!-- Generated by org.testng.reporters.JUnitXMLReporter -->
<testsuite ignored="0" hostname="LAPTOP-I43PEHL8" failures="0" tests="3" name="Default test" time="156.142" errors="0" timestamp="2022-10-13T19:57:20 IDT">
  <testcase classname="Core.TestHotelsReservation" name="testCsvDataString" time="41.819"/>
  <testcase classname="Core.TestHotelsReservation" name="testCsvDataString" time="40.411"/>
  <testcase classname="Core.TestHotelsReservation" name="testCsvDataString" time="40.147"/>
</testsuite> <!-- Default test -->
