<?xml version="1.0" encoding="UTF-8"?>
<!-- Generated by org.testng.reporters.JUnitXMLReporter -->
<testsuite ignored="0" hostname="LAPTOP-I43PEHL8" failures="0" tests="3" name="Default test" time="226.693" errors="0" timestamp="2022-10-16T20:05:57 IDT">
  <testcase classname="Core.TestHotelsReservation" name="testCsvDataString" time="62.205"/>
  <testcase classname="Core.TestHotelsReservation" name="testCsvDataString" time="62.267"/>
  <testcase classname="Core.TestHotelsReservation" name="testCsvDataString" time="62.698"/>
</testsuite> <!-- Default test -->
