<?xml version="1.0" encoding="UTF-8"?>
<testng-results ignored="0" total="3" passed="3" failed="0" skipped="0">
  <reporter-output>
  </reporter-output>
  <suite started-at="2022-10-16T23:24:05 IDT" name="Hotels reserve Suite" finished-at="2022-10-16T23:26:44 IDT" duration-ms="158689">
    <groups>
    </groups>
    <test started-at="2022-10-16T23:24:05 IDT" name=" hotels test" finished-at="2022-10-16T23:26:44 IDT" duration-ms="158689">
      <class name="Core.TestHotelsReservation">
        <test-method is-config="true" signature="BeforeSuite(java.lang.String)[pri:0, instance:Core.TestHotelsReservation@6440112d]" started-at="2022-10-16T23:24:03 IDT" name="BeforeSuite" finished-at="2022-10-16T23:24:05 IDT" duration-ms="2411" status="PASS">
          <params>
            <param index="0">
              <value>
                <![CDATA[testCasesHotels.csv]]>
              </value>
            </param>
          </params>
          <reporter-output>
          </reporter-output>
        </test-method> <!-- BeforeSuite -->
        <test-method is-config="true" signature="BeforeMethod()[pri:0, instance:Core.TestHotelsReservation@6440112d]" started-at="2022-10-16T23:24:05 IDT" name="BeforeMethod" finished-at="2022-10-16T23:24:17 IDT" duration-ms="11985" status="PASS">
          <reporter-output>
          </reporter-output>
        </test-method> <!-- BeforeMethod -->
        <test-method signature="testCsvDataString(java.lang.String,java.lang.String,java.lang.String)[pri:0, instance:Core.TestHotelsReservation@6440112d]" started-at="2022-10-16T23:24:17 IDT" name="testCsvDataString" data-provider="getCsvData" finished-at="2022-10-16T23:24:59 IDT" duration-ms="41679" status="PASS">
          <params>
            <param index="0">
              <value>
                <![CDATA[London]]>
              </value>
            </param>
            <param index="1">
              <value>
                <![CDATA[Oct 22 2022]]>
              </value>
            </param>
            <param index="2">
              <value>
                <![CDATA[Oct 29 2022]]>
              </value>
            </param>
          </params>
          <reporter-output>
          </reporter-output>
        </test-method> <!-- testCsvDataString -->
        <test-method is-config="true" signature="BeforeMethod()[pri:0, instance:Core.TestHotelsReservation@6440112d]" started-at="2022-10-16T23:24:59 IDT" name="BeforeMethod" finished-at="2022-10-16T23:25:10 IDT" duration-ms="10995" status="PASS">
          <reporter-output>
          </reporter-output>
        </test-method> <!-- BeforeMethod -->
        <test-method signature="testCsvDataString(java.lang.String,java.lang.String,java.lang.String)[pri:0, instance:Core.TestHotelsReservation@6440112d]" started-at="2022-10-16T23:25:10 IDT" name="testCsvDataString" data-provider="getCsvData" finished-at="2022-10-16T23:25:51 IDT" duration-ms="41529" status="PASS">
          <params>
            <param index="0">
              <value>
                <![CDATA[New York]]>
              </value>
            </param>
            <param index="1">
              <value>
                <![CDATA[Oct 24 2022]]>
              </value>
            </param>
            <param index="2">
              <value>
                <![CDATA[Oct 27 2022]]>
              </value>
            </param>
          </params>
          <reporter-output>
          </reporter-output>
        </test-method> <!-- testCsvDataString -->
        <test-method is-config="true" signature="BeforeMethod()[pri:0, instance:Core.TestHotelsReservation@6440112d]" started-at="2022-10-16T23:25:51 IDT" name="BeforeMethod" finished-at="2022-10-16T23:26:02 IDT" duration-ms="10938" status="PASS">
          <reporter-output>
          </reporter-output>
        </test-method> <!-- BeforeMethod -->
        <test-method signature="testCsvDataString(java.lang.String,java.lang.String,java.lang.String)[pri:0, instance:Core.TestHotelsReservation@6440112d]" started-at="2022-10-16T23:26:02 IDT" name="testCsvDataString" data-provider="getCsvData" finished-at="2022-10-16T23:26:44 IDT" duration-ms="41444" status="PASS">
          <params>
            <param index="0">
              <value>
                <![CDATA[Istanbul]]>
              </value>
            </param>
            <param index="1">
              <value>
                <![CDATA[Oct 26 2022]]>
              </value>
            </param>
            <param index="2">
              <value>
                <![CDATA[Oct 28 2022]]>
              </value>
            </param>
          </params>
          <reporter-output>
          </reporter-output>
        </test-method> <!-- testCsvDataString -->
        <test-method is-config="true" signature="afterSuite()[pri:0, instance:Core.TestHotelsReservation@6440112d]" started-at="2022-10-16T23:26:44 IDT" name="afterSuite" finished-at="2022-10-16T23:26:44 IDT" duration-ms="2" status="PASS">
          <reporter-output>
          </reporter-output>
        </test-method> <!-- afterSuite -->
      </class> <!-- Core.TestHotelsReservation -->
    </test> <!--  hotels test -->
  </suite> <!-- Hotels reserve Suite -->
</testng-results>
